2026-03-19 21:45:11 - Initialized Mock GPIO (PC testing mode)
2026-03-19 21:45:11 - [INIT] Loading object detector...
2026-03-19 21:45:13 - [INIT] Loading face recognizer...
2026-03-19 21:48:49 - Initialized Mock GPIO (PC testing mode)
2026-03-19 21:48:49 - [INIT] Loading object detector...
2026-03-19 21:48:49 - [INIT] Loading face recognizer...
2026-03-19 21:49:17 - Simulation mode: skipping idle, detection active immediately.
2026-03-19 21:49:17 - System started.
2026-03-19 21:59:32 - System stopped.
2026-03-19 21:59:53 - Initialized Mock GPIO (PC testing mode)
2026-03-19 21:59:53 - [INIT] Loading object detector...
2026-03-19 21:59:53 - [INIT] Loading face recognizer...
2026-03-19 22:00:24 - Simulation mode: skipping idle, detection active immediately.
2026-03-19 22:00:24 - System started.
2026-03-19 22:00:46 - System stopped.
2026-03-19 22:09:31 - Initialized Mock GPIO (PC testing mode)
2026-03-19 22:09:31 - [INIT] Loading object detector...
2026-03-19 22:09:31 - [INIT] Loading face recognizer...
2026-03-19 22:10:05 - Initialized Mock GPIO (PC testing mode)
2026-03-19 22:10:05 - [INIT] Loading object detector...
2026-03-19 22:10:06 - [INIT] Loading face recognizer...
2026-03-19 22:10:43 - Simulation mode: skipping idle, detection active immediately.
2026-03-19 22:10:43 - System started.
2026-03-19 22:11:13 - System stopped.
